<?xml version="1.0" encoding="UTF-8"?>
<testsuite xmlns:xsi="http://www.w3.org/2001/XMLSchema-instance" xsi:noNamespaceSchemaLocation="https://maven.apache.org/surefire/maven-surefire-plugin/xsd/surefire-test-report-3.0.xsd" version="3.0" name="com.example.inference.core.QueueBasedBatchProcessorTest" time="0.76" tests="4" errors="0" skipped="0" failures="0">
  <properties>
[...]
</properties>
  <testcase name="batchStatusBecomesCompletedWhenAllPromptsSucceed" classname="com.example.inference.core.QueueBasedBatchProcessorTest" time="0.267">
    <system-out><![CDATA[[DB] Initializing schema
[DB] Creating batch d64e4286-0f45-43f8-895e-fe142869133d with 2 prompts
[DB] Batch inserted: d64e4286-0f45-43f8-895e-fe142869133d
[DB] Looking up batch d64e4286-0f45-43f8-895e-fe142869133d
[DB] Batch found: d64e4286-0f45-43f8-895e-fe142869133d status=PENDING completed=0 failed=0
[DB] Looking up batch d64e4286-0f45-43f8-895e-fe142869133d
[DB] Batch found: d64e4286-0f45-43f8-895e-fe142869133d status=IN_PROGRESS completed=0 failed=0
[DB] Looking up batch d64e4286-0f45-43f8-895e-fe142869133d
[DB] Batch found: d64e4286-0f45-43f8-895e-fe142869133d status=IN_PROGRESS completed=0 failed=0
[DB] Looking up batch d64e4286-0f45-43f8-895e-fe142869133d
[DB] Batch found: d64e4286-0f45-43f8-895e-fe142869133d status=IN_PROGRESS completed=2 failed=0
[DB] Looking up batch d64e4286-0f45-43f8-895e-fe142869133d
[DB] Batch found: d64e4286-0f45-43f8-895e-fe142869133d status=COMPLETED completed=2 failed=0
[DB] Looking up batch d64e4286-0f45-43f8-895e-fe142869133d
[DB] Batch found: d64e4286-0f45-43f8-895e-fe142869133d status=COMPLETED completed=2 failed=0
[DB] Looking up batch d64e4286-0f45-43f8-895e-fe142869133d
[DB] Batch found: d64e4286-0f45-43f8-895e-fe142869133d status=COMPLETED completed=2 failed=0
]]></system-out>
  </testcase>
  <testcase name="submitBatchDoesNotDropPromptsUpToConfiguredCapacity" classname="com.example.inference.core.QueueBasedBatchProcessorTest" time="0.29">
    <system-out><![CDATA[[DB] Initializing schema
[DB] Creating batch 353544b9-5b44-483b-9786-846cbbc441ab with 200 prompts
[DB] Batch inserted: 353544b9-5b44-483b-9786-846cbbc441ab
[DB] Looking up batch 353544b9-5b44-483b-9786-846cbbc441ab
[DB] Batch found: 353544b9-5b44-483b-9786-846cbbc441ab status=IN_PROGRESS completed=0 failed=0
[DB] Looking up batch 353544b9-5b44-483b-9786-846cbbc441ab
[DB] Looking up batch 353544b9-5b44-483b-9786-846cbbc441ab
[DB] Looking up batch 353544b9-5b44-483b-9786-846cbbc441ab
[DB] Looking up batch 353544b9-5b44-483b-9786-846cbbc441ab
[DB] Batch found: 353544b9-5b44-483b-9786-846cbbc441ab status=IN_PROGRESS completed=4 failed=0
[DB] Batch found: 353544b9-5b44-483b-9786-846cbbc441ab status=IN_PROGRESS completed=4 failed=0
[DB] Batch found: 353544b9-5b44-483b-9786-846cbbc441ab status=IN_PROGRESS completed=4 failed=0
[DB] Batch found: 353544b9-5b44-483b-9786-846cbbc441ab status=IN_PROGRESS completed=4 failed=0
[DB] Looking up batch 353544b9-5b44-483b-9786-846cbbc441ab
[DB] Looking up batch 353544b9-5b44-483b-9786-846cbbc441ab
[DB] Batch found: 353544b9-5b44-483b-9786-846cbbc441ab status=IN_PROGRESS completed=8 failed=0
[DB] Looking up batch 353544b9-5b44-483b-9786-846cbbc441ab
[DB] Looking up batch 353544b9-5b44-483b-9786-846cbbc441ab
[DB] Batch found: 353544b9-5b44-483b-9786-846cbbc441ab status=IN_PROGRESS completed=8 failed=0
[DB] Batch found: 353544b9-5b44-483b-9786-846cbbc441ab status=IN_PROGRESS completed=8 failed=0
[DB] Batch found: 353544b9-5b44-483b-9786-846cbbc441ab status=IN_PROGRESS completed=8 failed=0
[DB] Looking up batch 353544b9-5b44-483b-9786-846cbbc441ab
[DB] Batch found: 353544b9-5b44-483b-9786-846cbbc441ab status=IN_PROGRESS completed=12 failed=0
[DB] Looking up batch 353544b9-5b44-483b-9786-846cbbc441ab
[DB] Looking up batch 353544b9-5b44-483b-9786-846cbbc441ab
[DB] Looking up batch 353544b9-5b44-483b-9786-846cbbc441ab
[DB] Batch found: 353544b9-5b44-483b-9786-846cbbc441ab status=IN_PROGRESS completed=12 failed=0
[DB] Batch found: 353544b9-5b44-483b-9786-846cbbc441ab status=IN_PROGRESS completed=12 failed=0
[DB] Batch found: 353544b9-5b44-483b-9786-846cbbc441ab status=IN_PROGRESS completed=12 failed=0
[DB] Looking up batch 353544b9-5b44-483b-9786-846cbbc441ab
[DB] Batch found: 353544b9-5b44-483b-9786-846cbbc441ab status=IN_PROGRESS completed=14 failed=0
[DB] Looking up batch 353544b9-5b44-483b-9786-846cbbc441ab
[DB] Batch found: 353544b9-5b44-483b-9786-846cbbc441ab status=IN_PROGRESS completed=14 failed=0
[DB] Looking up batch 353544b9-5b44-483b-9786-846cbbc441ab
[DB] Looking up batch 353544b9-5b44-483b-9786-846cbbc441ab
[DB] Looking up batch 353544b9-5b44-483b-9786-846cbbc441ab
[DB] Batch found: 353544b9-5b44-483b-9786-846cbbc441ab status=IN_PROGRESS completed=18 failed=0
[DB] Looking up batch 353544b9-5b44-483b-9786-846cbbc441ab
[DB] Batch found: 353544b9-5b44-483b-9786-846cbbc441ab status=IN_PROGRESS completed=18 failed=0
[DB] Batch found: 353544b9-5b44-483b-9786-846cbbc441ab status=IN_PROGRESS completed=18 failed=0
[DB] Batch found: 353544b9-5b44-483b-9786-846cbbc441ab status=IN_PROGRESS completed=18 failed=0
[DB] Looking up batch 353544b9-5b44-483b-9786-846cbbc441ab
[DB] Looking up batch 353544b9-5b44-483b-9786-846cbbc441ab
[DB] Looking up batch 353544b9-5b44-483b-9786-846cbbc441ab
[DB] Batch found: 353544b9-5b44-483b-9786-846cbbc441ab status=IN_PROGRESS completed=21 failed=0
[DB] Batch found: 353544b9-5b44-483b-9786-846cbbc441ab status=IN_PROGRESS completed=21 failed=0
[DB] Looking up batch 353544b9-5b44-483b-9786-846cbbc441ab
[DB] Batch found: 353544b9-5b44-483b-9786-846cbbc441ab status=IN_PROGRESS completed=22 failed=0
[DB] Looking up batch 353544b9-5b44-483b-9786-846cbbc441ab
[DB] Batch found: 353544b9-5b44-483b-9786-846cbbc441ab status=IN_PROGRESS completed=24 failed=0
[DB] Looking up batch 353544b9-5b44-483b-9786-846cbbc441ab
[DB] Batch found: 353544b9-5b44-483b-9786-846cbbc441ab status=IN_PROGRESS completed=24 failed=0
[DB] Batch found: 353544b9-5b44-483b-9786-846cbbc441ab status=IN_PROGRESS completed=24 failed=0
[DB] Looking up batch 353544b9-5b44-483b-9786-846cbbc441ab
[DB] Looking up batch 353544b9-5b44-483b-9786-846cbbc441ab
[DB] Looking up batch 353544b9-5b44-483b-9786-846cbbc441ab
[DB] Batch found: 353544b9-5b44-483b-9786-846cbbc441ab status=IN_PROGRESS completed=28 failed=0
[DB] Looking up batch 353544b9-5b44-483b-9786-846cbbc441ab
[DB] Batch found: 353544b9-5b44-483b-9786-846cbbc441ab status=IN_PROGRESS completed=28 failed=0
[DB] Batch found: 353544b9-5b44-483b-9786-846cbbc441ab status=IN_PROGRESS completed=28 failed=0
[DB] Batch found: 353544b9-5b44-483b-9786-846cbbc441ab status=IN_PROGRESS completed=28 failed=0
[DB] Looking up batch 353544b9-5b44-483b-9786-846cbbc441ab
[DB] Looking up batch 353544b9-5b44-483b-9786-846cbbc441ab
[DB] Looking up batch 353544b9-5b44-483b-9786-846cbbc441ab
[DB] Looking up batch 353544b9-5b44-483b-9786-846cbbc441ab
[DB] Batch found: 353544b9-5b44-483b-9786-846cbbc441ab status=IN_PROGRESS completed=32 failed=0
[DB] Batch found: 353544b9-5b44-483b-9786-846cbbc441ab status=IN_PROGRESS completed=32 failed=0
[DB] Looking up batch 353544b9-5b44-483b-9786-846cbbc441ab
[DB] Batch found: 353544b9-5b44-483b-9786-846cbbc441ab status=IN_PROGRESS completed=32 failed=0
[DB] Batch found: 353544b9-5b44-483b-9786-846cbbc441ab status=IN_PROGRESS completed=32 failed=0
[DB] Batch found: 353544b9-5b44-483b-9786-846cbbc441ab status=IN_PROGRESS completed=32 failed=0
[DB] Looking up batch 353544b9-5b44-483b-9786-846cbbc441ab
[DB] Looking up batch 353544b9-5b44-483b-9786-846cbbc441ab
[DB] Looking up batch 353544b9-5b44-483b-9786-846cbbc441ab
[DB] Batch found: 353544b9-5b44-483b-9786-846cbbc441ab status=IN_PROGRESS completed=36 failed=0
[DB] Batch found: 353544b9-5b44-483b-9786-846cbbc441ab status=IN_PROGRESS completed=36 failed=0
[DB] Batch found: 353544b9-5b44-483b-9786-846cbbc441ab status=IN_PROGRESS completed=36 failed=0
[DB] Looking up batch 353544b9-5b44-483b-9786-846cbbc441ab
[DB] Looking up batch 353544b9-5b44-483b-9786-846cbbc441ab
[DB] Looking up batch 353544b9-5b44-483b-9786-846cbbc441ab
[DB] Batch found: 353544b9-5b44-483b-9786-846cbbc441ab status=IN_PROGRESS completed=39 failed=0
[DB] Looking up batch 353544b9-5b44-483b-9786-846cbbc441ab
[DB] Batch found: 353544b9-5b44-483b-9786-846cbbc441ab status=IN_PROGRESS completed=39 failed=0
[DB] Batch found: 353544b9-5b44-483b-9786-846cbbc441ab status=IN_PROGRESS completed=39 failed=0
[DB] Looking up batch 353544b9-5b44-483b-9786-846cbbc441ab
[DB] Batch found: 353544b9-5b44-483b-9786-846cbbc441ab status=IN_PROGRESS completed=39 failed=0
[DB] Batch found: 353544b9-5b44-483b-9786-846cbbc441ab status=IN_PROGRESS completed=40 failed=0
[DB] Looking up batch 353544b9-5b44-483b-9786-846cbbc441ab
[DB] Looking up batch 353544b9-5b44-483b-9786-846cbbc441ab
[DB] Looking up batch 353544b9-5b44-483b-9786-846cbbc441ab
[DB] Batch found: 353544b9-5b44-483b-9786-846cbbc441ab status=IN_PROGRESS completed=44 failed=0
[DB] Batch found: 353544b9-5b44-483b-9786-846cbbc441ab status=IN_PROGRESS completed=44 failed=0
[DB] Looking up batch 353544b9-5b44-483b-9786-846cbbc441ab
[DB] Batch found: 353544b9-5b44-483b-9786-846cbbc441ab status=IN_PROGRESS completed=44 failed=0
[DB] Batch found: 353544b9-5b44-483b-9786-846cbbc441ab status=IN_PROGRESS completed=44 failed=0
[DB] Looking up batch 353544b9-5b44-483b-9786-846cbbc441ab
[DB] Looking up batch 353544b9-5b44-483b-9786-846cbbc441ab
[DB] Batch found: 353544b9-5b44-483b-9786-846cbbc441ab status=IN_PROGRESS completed=48 failed=0
[DB] Batch found: 353544b9-5b44-483b-9786-846cbbc441ab status=IN_PROGRESS completed=48 failed=0
[DB] Looking up batch 353544b9-5b44-483b-9786-846cbbc441ab
[DB] Looking up batch 353544b9-5b44-483b-9786-846cbbc441ab
[DB] Batch found: 353544b9-5b44-483b-9786-846cbbc441ab status=IN_PROGRESS completed=48 failed=0
[DB] Batch found: 353544b9-5b44-483b-9786-846cbbc441ab status=IN_PROGRESS completed=48 failed=0
[DB] Looking up batch 353544b9-5b44-483b-9786-846cbbc441ab
[DB] Looking up batch 353544b9-5b44-483b-9786-846cbbc441ab
[DB] Looking up batch 353544b9-5b44-483b-9786-846cbbc441ab
[DB] Batch found: 353544b9-5b44-483b-9786-846cbbc441ab status=IN_PROGRESS completed=52 failed=0
[DB] Batch found: 353544b9-5b44-483b-9786-846cbbc441ab status=IN_PROGRESS completed=52 failed=0
[DB] Looking up batch 353544b9-5b44-483b-9786-846cbbc441ab
[DB] Batch found: 353544b9-5b44-483b-9786-846cbbc441ab status=IN_PROGRESS completed=52 failed=0
[DB] Batch found: 353544b9-5b44-483b-9786-846cbbc441ab status=IN_PROGRESS completed=52 failed=0
[DB] Looking up batch 353544b9-5b44-483b-9786-846cbbc441ab
[DB] Looking up batch 353544b9-5b44-483b-9786-846cbbc441ab
[DB] Batch found: 353544b9-5b44-483b-9786-846cbbc441ab status=IN_PROGRESS completed=56 failed=0
[DB] Looking up batch 353544b9-5b44-483b-9786-846cbbc441ab
[DB] Batch found: 353544b9-5b44-483b-9786-846cbbc441ab status=IN_PROGRESS completed=56 failed=0
[DB] Batch found: 353544b9-5b44-483b-9786-846cbbc441ab status=IN_PROGRESS completed=56 failed=0
[DB] Looking up batch 353544b9-5b44-483b-9786-846cbbc441ab
[DB] Batch found: 353544b9-5b44-483b-9786-846cbbc441ab status=IN_PROGRESS completed=57 failed=0
[DB] Looking up batch 353544b9-5b44-483b-9786-846cbbc441ab
[DB] Batch found: 353544b9-5b44-483b-9786-846cbbc441ab status=IN_PROGRESS completed=59 failed=0
[DB] Looking up batch 353544b9-5b44-483b-9786-846cbbc441ab
[DB] Looking up batch 353544b9-5b44-483b-9786-846cbbc441ab
[DB] Batch found: 353544b9-5b44-483b-9786-846cbbc441ab status=IN_PROGRESS completed=60 failed=0
[DB] Batch found: 353544b9-5b44-483b-9786-846cbbc441ab status=IN_PROGRESS completed=60 failed=0
[DB] Looking up batch 353544b9-5b44-483b-9786-846cbbc441ab
[DB] Looking up batch 353544b9-5b44-483b-9786-846cbbc441ab
[DB] Batch found: 353544b9-5b44-483b-9786-846cbbc441ab status=IN_PROGRESS completed=61 failed=0
[DB] Looking up batch 353544b9-5b44-483b-9786-846cbbc441ab
[DB] Batch found: 353544b9-5b44-483b-9786-846cbbc441ab status=IN_PROGRESS completed=62 failed=0
[DB] Looking up batch 353544b9-5b44-483b-9786-846cbbc441ab
[DB] Looking up batch 353544b9-5b44-483b-9786-846cbbc441ab
[DB] Batch found: 353544b9-5b44-483b-9786-846cbbc441ab status=IN_PROGRESS completed=63 failed=0
[DB] Batch found: 353544b9-5b44-483b-9786-846cbbc441ab status=IN_PROGRESS completed=63 failed=0
[DB] Looking up batch 353544b9-5b44-483b-9786-846cbbc441ab
[DB] Looking up batch 353544b9-5b44-483b-9786-846cbbc441ab
[DB] Batch found: 353544b9-5b44-483b-9786-846cbbc441ab status=IN_PROGRESS completed=64 failed=0
[DB] Batch found: 353544b9-5b44-483b-9786-846cbbc441ab status=IN_PROGRESS completed=65 failed=0
[DB] Batch found: 353544b9-5b44-483b-9786-846cbbc441ab status=IN_PROGRESS completed=66 failed=0
[DB] Looking up batch 353544b9-5b44-483b-9786-846cbbc441ab
[DB] Batch found: 353544b9-5b44-483b-9786-846cbbc441ab status=IN_PROGRESS completed=66 failed=0
[DB] Looking up batch 353544b9-5b44-483b-9786-846cbbc441ab
[DB] Looking up batch 353544b9-5b44-483b-9786-846cbbc441ab
[DB] Batch found: 353544b9-5b44-483b-9786-846cbbc441ab status=IN_PROGRESS completed=69 failed=0
[DB] Looking up batch 353544b9-5b44-483b-9786-846cbbc441ab
[DB] Looking up batch 353544b9-5b44-483b-9786-846cbbc441ab
[DB] Batch found: 353544b9-5b44-483b-9786-846cbbc441ab status=IN_PROGRESS completed=70 failed=0
[DB] Batch found: 353544b9-5b44-483b-9786-846cbbc441ab status=IN_PROGRESS completed=70 failed=0
[DB] Batch found: 353544b9-5b44-483b-9786-846cbbc441ab status=IN_PROGRESS completed=70 failed=0
[DB] Looking up batch 353544b9-5b44-483b-9786-846cbbc441ab
[DB] Looking up batch 353544b9-5b44-483b-9786-846cbbc441ab
[DB] Batch found: 353544b9-5b44-483b-9786-846cbbc441ab status=IN_PROGRESS completed=73 failed=0
[DB] Looking up batch 353544b9-5b44-483b-9786-846cbbc441ab
[DB] Batch found: 353544b9-5b44-483b-9786-846cbbc441ab status=IN_PROGRESS completed=74 failed=0
[DB] Looking up batch 353544b9-5b44-483b-9786-846cbbc441ab
[DB] Batch found: 353544b9-5b44-483b-9786-846cbbc441ab status=IN_PROGRESS completed=74 failed=0
[DB] Batch found: 353544b9-5b44-483b-9786-846cbbc441ab status=IN_PROGRESS completed=74 failed=0
[DB] Looking up batch 353544b9-5b44-483b-9786-846cbbc441ab
[DB] Looking up batch 353544b9-5b44-483b-9786-846cbbc441ab
[DB] Batch found: 353544b9-5b44-483b-9786-846cbbc441ab status=IN_PROGRESS completed=76 failed=0
[DB] Batch found: 353544b9-5b44-483b-9786-846cbbc441ab status=IN_PROGRESS completed=78 failed=0
[DB] Looking up batch 353544b9-5b44-483b-9786-846cbbc441ab
[DB] Looking up batch 353544b9-5b44-483b-9786-846cbbc441ab
[DB] Batch found: 353544b9-5b44-483b-9786-846cbbc441ab status=IN_PROGRESS completed=78 failed=0
[DB] Batch found: 353544b9-5b44-483b-9786-846cbbc441ab status=IN_PROGRESS completed=78 failed=0
[DB] Looking up batch 353544b9-5b44-483b-9786-846cbbc441ab
[DB] Batch found: 353544b9-5b44-483b-9786-846cbbc441ab status=IN_PROGRESS completed=80 failed=0
[DB] Looking up batch 353544b9-5b44-483b-9786-846cbbc441ab
[DB] Looking up batch 353544b9-5b44-483b-9786-846cbbc441ab
[DB] Looking up batch 353544b9-5b44-483b-9786-846cbbc441ab
[DB] Batch found: 353544b9-5b44-483b-9786-846cbbc441ab status=IN_PROGRESS completed=82 failed=0
[DB] Batch found: 353544b9-5b44-483b-9786-846cbbc441ab status=IN_PROGRESS completed=82 failed=0
[DB] Batch found: 353544b9-5b44-483b-9786-846cbbc441ab status=IN_PROGRESS completed=82 failed=0
[DB] Looking up batch 353544b9-5b44-483b-9786-846cbbc441ab
[DB] Looking up batch 353544b9-5b44-483b-9786-846cbbc441ab
[DB] Batch found: 353544b9-5b44-483b-9786-846cbbc441ab status=IN_PROGRESS completed=85 failed=0
[DB] Looking up batch 353544b9-5b44-483b-9786-846cbbc441ab
[DB] Looking up batch 353544b9-5b44-483b-9786-846cbbc441ab
[DB] Batch found: 353544b9-5b44-483b-9786-846cbbc441ab status=IN_PROGRESS completed=86 failed=0
[DB] Batch found: 353544b9-5b44-483b-9786-846cbbc441ab status=IN_PROGRESS completed=86 failed=0
[DB] Batch found: 353544b9-5b44-483b-9786-846cbbc441ab status=IN_PROGRESS completed=86 failed=0
[DB] Looking up batch 353544b9-5b44-483b-9786-846cbbc441ab
[DB] Looking up batch 353544b9-5b44-483b-9786-846cbbc441ab
[DB] Batch found: 353544b9-5b44-483b-9786-846cbbc441ab status=IN_PROGRESS completed=90 failed=0
[DB] Looking up batch 353544b9-5b44-483b-9786-846cbbc441ab
[DB] Looking up batch 353544b9-5b44-483b-9786-846cbbc441ab
[DB] Batch found: 353544b9-5b44-483b-9786-846cbbc441ab status=IN_PROGRESS completed=90 failed=0
[DB] Batch found: 353544b9-5b44-483b-9786-846cbbc441ab status=IN_PROGRESS completed=90 failed=0
[DB] Batch found: 353544b9-5b44-483b-9786-846cbbc441ab status=IN_PROGRESS completed=90 failed=0
[DB] Looking up batch 353544b9-5b44-483b-9786-846cbbc441ab
[DB] Batch found: 353544b9-5b44-483b-9786-846cbbc441ab status=IN_PROGRESS completed=93 failed=0
[DB] Looking up batch 353544b9-5b44-483b-9786-846cbbc441ab
[DB] Looking up batch 353544b9-5b44-483b-9786-846cbbc441ab
[DB] Looking up batch 353544b9-5b44-483b-9786-846cbbc441ab
[DB] Batch found: 353544b9-5b44-483b-9786-846cbbc441ab status=IN_PROGRESS completed=94 failed=0
[DB] Batch found: 353544b9-5b44-483b-9786-846cbbc441ab status=IN_PROGRESS completed=94 failed=0
[DB] Batch found: 353544b9-5b44-483b-9786-846cbbc441ab status=IN_PROGRESS completed=94 failed=0
[DB] Looking up batch 353544b9-5b44-483b-9786-846cbbc441ab
[DB] Batch found: 353544b9-5b44-483b-9786-846cbbc441ab status=IN_PROGRESS completed=96 failed=0
[DB] Looking up batch 353544b9-5b44-483b-9786-846cbbc441ab
[DB] Batch found: 353544b9-5b44-483b-9786-846cbbc441ab status=IN_PROGRESS completed=98 failed=0
[DB] Looking up batch 353544b9-5b44-483b-9786-846cbbc441ab
[DB] Looking up batch 353544b9-5b44-483b-9786-846cbbc441ab
[DB] Batch found: 353544b9-5b44-483b-9786-846cbbc441ab status=IN_PROGRESS completed=98 failed=0
[DB] Batch found: 353544b9-5b44-483b-9786-846cbbc441ab status=IN_PROGRESS completed=98 failed=0
[DB] Looking up batch 353544b9-5b44-483b-9786-846cbbc441ab
[DB] Looking up batch 353544b9-5b44-483b-9786-846cbbc441ab
[DB] Batch found: 353544b9-5b44-483b-9786-846cbbc441ab status=IN_PROGRESS completed=100 failed=0
[DB] Batch found: 353544b9-5b44-483b-9786-846cbbc441ab status=IN_PROGRESS completed=100 failed=0
[DB] Looking up batch 353544b9-5b44-483b-9786-846cbbc441ab
[DB] Looking up batch 353544b9-5b44-483b-9786-846cbbc441ab
[DB] Batch found: 353544b9-5b44-483b-9786-846cbbc441ab status=IN_PROGRESS completed=102 failed=0
[DB] Batch found: 353544b9-5b44-483b-9786-846cbbc441ab status=IN_PROGRESS completed=102 failed=0
[DB] Looking up batch 353544b9-5b44-483b-9786-846cbbc441ab
[DB] Looking up batch 353544b9-5b44-483b-9786-846cbbc441ab
[DB] Batch found: 353544b9-5b44-483b-9786-846cbbc441ab status=IN_PROGRESS completed=104 failed=0
[DB] Batch found: 353544b9-5b44-483b-9786-846cbbc441ab status=IN_PROGRESS completed=104 failed=0
[DB] Looking up batch 353544b9-5b44-483b-9786-846cbbc441ab
[DB] Looking up batch 353544b9-5b44-483b-9786-846cbbc441ab
[DB] Batch found: 353544b9-5b44-483b-9786-846cbbc441ab status=IN_PROGRESS completed=106 failed=0
[DB] Batch found: 353544b9-5b44-483b-9786-846cbbc441ab status=IN_PROGRESS completed=107 failed=0
[DB] Looking up batch 353544b9-5b44-483b-9786-846cbbc441ab
[DB] Looking up batch 353544b9-5b44-483b-9786-846cbbc441ab
[DB] Batch found: 353544b9-5b44-483b-9786-846cbbc441ab status=IN_PROGRESS completed=108 failed=0
[DB] Batch found: 353544b9-5b44-483b-9786-846cbbc441ab status=IN_PROGRESS completed=108 failed=0
[DB] Looking up batch 353544b9-5b44-483b-9786-846cbbc441ab
[DB] Looking up batch 353544b9-5b44-483b-9786-846cbbc441ab
[DB] Looking up batch 353544b9-5b44-483b-9786-846cbbc441ab
[DB] Looking up batch 353544b9-5b44-483b-9786-846cbbc441ab
[DB] Batch found: 353544b9-5b44-483b-9786-846cbbc441ab status=IN_PROGRESS completed=112 failed=0
[DB] Batch found: 353544b9-5b44-483b-9786-846cbbc441ab status=IN_PROGRESS completed=112 failed=0
[DB] Looking up batch 353544b9-5b44-483b-9786-846cbbc441ab
[DB] Batch found: 353544b9-5b44-483b-9786-846cbbc441ab status=IN_PROGRESS completed=112 failed=0
[DB] Batch found: 353544b9-5b44-483b-9786-846cbbc441ab status=IN_PROGRESS completed=112 failed=0
[DB] Batch found: 353544b9-5b44-483b-9786-846cbbc441ab status=IN_PROGRESS completed=112 failed=0
[DB] Looking up batch 353544b9-5b44-483b-9786-846cbbc441ab
[DB] Looking up batch 353544b9-5b44-483b-9786-846cbbc441ab
[DB] Batch found: 353544b9-5b44-483b-9786-846cbbc441ab status=IN_PROGRESS completed=115 failed=0
[DB] Batch found: 353544b9-5b44-483b-9786-846cbbc441ab status=IN_PROGRESS completed=115 failed=0
[DB] Looking up batch 353544b9-5b44-483b-9786-846cbbc441ab
[DB] Looking up batch 353544b9-5b44-483b-9786-846cbbc441ab
[DB] Batch found: 353544b9-5b44-483b-9786-846cbbc441ab status=IN_PROGRESS completed=116 failed=0
[DB] Batch found: 353544b9-5b44-483b-9786-846cbbc441ab status=IN_PROGRESS completed=116 failed=0
[DB] Looking up batch 353544b9-5b44-483b-9786-846cbbc441ab
[DB] Looking up batch 353544b9-5b44-483b-9786-846cbbc441ab
[DB] Looking up batch 353544b9-5b44-483b-9786-846cbbc441ab
[DB] Batch found: 353544b9-5b44-483b-9786-846cbbc441ab status=IN_PROGRESS completed=119 failed=0
[DB] Batch found: 353544b9-5b44-483b-9786-846cbbc441ab status=IN_PROGRESS completed=119 failed=0
[DB] Batch found: 353544b9-5b44-483b-9786-846cbbc441ab status=IN_PROGRESS completed=119 failed=0
[DB] Looking up batch 353544b9-5b44-483b-9786-846cbbc441ab
[DB] Batch found: 353544b9-5b44-483b-9786-846cbbc441ab status=IN_PROGRESS completed=120 failed=0
[DB] Looking up batch 353544b9-5b44-483b-9786-846cbbc441ab
[DB] Looking up batch 353544b9-5b44-483b-9786-846cbbc441ab
[DB] Batch found: 353544b9-5b44-483b-9786-846cbbc441ab status=IN_PROGRESS completed=122 failed=0
[DB] Batch found: 353544b9-5b44-483b-9786-846cbbc441ab status=IN_PROGRESS completed=122 failed=0
[DB] Looking up batch 353544b9-5b44-483b-9786-846cbbc441ab
[DB] Batch found: 353544b9-5b44-483b-9786-846cbbc441ab status=IN_PROGRESS completed=124 failed=0
[DB] Looking up batch 353544b9-5b44-483b-9786-846cbbc441ab
[DB] Looking up batch 353544b9-5b44-483b-9786-846cbbc441ab
[DB] Batch found: 353544b9-5b44-483b-9786-846cbbc441ab status=IN_PROGRESS completed=125 failed=0
[DB] Looking up batch 353544b9-5b44-483b-9786-846cbbc441ab
[DB] Batch found: 353544b9-5b44-483b-9786-846cbbc441ab status=IN_PROGRESS completed=126 failed=0
[DB] Looking up batch 353544b9-5b44-483b-9786-846cbbc441ab
[DB] Batch found: 353544b9-5b44-483b-9786-846cbbc441ab status=IN_PROGRESS completed=127 failed=0
[DB] Batch found: 353544b9-5b44-483b-9786-846cbbc441ab status=IN_PROGRESS completed=127 failed=0
[DB] Looking up batch 353544b9-5b44-483b-9786-846cbbc441ab
[DB] Looking up batch 353544b9-5b44-483b-9786-846cbbc441ab
[DB] Looking up batch 353544b9-5b44-483b-9786-846cbbc441ab
[DB] Batch found: 353544b9-5b44-483b-9786-846cbbc441ab status=IN_PROGRESS completed=130 failed=0
[DB] Batch found: 353544b9-5b44-483b-9786-846cbbc441ab status=IN_PROGRESS completed=131 failed=0
[DB] Looking up batch 353544b9-5b44-483b-9786-846cbbc441ab
[DB] Batch found: 353544b9-5b44-483b-9786-846cbbc441ab status=IN_PROGRESS completed=131 failed=0
[DB] Batch found: 353544b9-5b44-483b-9786-846cbbc441ab status=IN_PROGRESS completed=131 failed=0
[DB] Looking up batch 353544b9-5b44-483b-9786-846cbbc441ab
[DB] Looking up batch 353544b9-5b44-483b-9786-846cbbc441ab
[DB] Looking up batch 353544b9-5b44-483b-9786-846cbbc441ab
[DB] Looking up batch 353544b9-5b44-483b-9786-846cbbc441ab
[DB] Batch found: 353544b9-5b44-483b-9786-846cbbc441ab status=IN_PROGRESS completed=135 failed=0
[DB] Batch found: 353544b9-5b44-483b-9786-846cbbc441ab status=IN_PROGRESS completed=135 failed=0
[DB] Batch found: 353544b9-5b44-483b-9786-846cbbc441ab status=IN_PROGRESS completed=135 failed=0
[DB] Batch found: 353544b9-5b44-483b-9786-846cbbc441ab status=IN_PROGRESS completed=135 failed=0
[DB] Looking up batch 353544b9-5b44-483b-9786-846cbbc441ab
[DB] Batch found: 353544b9-5b44-483b-9786-846cbbc441ab status=IN_PROGRESS completed=136 failed=0
[DB] Looking up batch 353544b9-5b44-483b-9786-846cbbc441ab
[DB] Looking up batch 353544b9-5b44-483b-9786-846cbbc441ab
[DB] Looking up batch 353544b9-5b44-483b-9786-846cbbc441ab
[DB] Batch found: 353544b9-5b44-483b-9786-846cbbc441ab status=IN_PROGRESS completed=139 failed=0
[DB] Batch found: 353544b9-5b44-483b-9786-846cbbc441ab status=IN_PROGRESS completed=139 failed=0
[DB] Batch found: 353544b9-5b44-483b-9786-846cbbc441ab status=IN_PROGRESS completed=139 failed=0
[DB] Looking up batch 353544b9-5b44-483b-9786-846cbbc441ab
[DB] Batch found: 353544b9-5b44-483b-9786-846cbbc441ab status=IN_PROGRESS completed=141 failed=0
[DB] Looking up batch 353544b9-5b44-483b-9786-846cbbc441ab
[DB] Looking up batch 353544b9-5b44-483b-9786-846cbbc441ab
[DB] Batch found: 353544b9-5b44-483b-9786-846cbbc441ab status=IN_PROGRESS completed=142 failed=0
[DB] Batch found: 353544b9-5b44-483b-9786-846cbbc441ab status=IN_PROGRESS completed=142 failed=0
[DB] Looking up batch 353544b9-5b44-483b-9786-846cbbc441ab
[DB] Batch found: 353544b9-5b44-483b-9786-846cbbc441ab status=IN_PROGRESS completed=143 failed=0
[DB] Looking up batch 353544b9-5b44-483b-9786-846cbbc441ab
[DB] Batch found: 353544b9-5b44-483b-9786-846cbbc441ab status=IN_PROGRESS completed=146 failed=0
[DB] Looking up batch 353544b9-5b44-483b-9786-846cbbc441ab
[DB] Looking up batch 353544b9-5b44-483b-9786-846cbbc441ab
[DB] Batch found: 353544b9-5b44-483b-9786-846cbbc441ab status=IN_PROGRESS completed=146 failed=0
[DB] Batch found: 353544b9-5b44-483b-9786-846cbbc441ab status=IN_PROGRESS completed=147 failed=0
[DB] Looking up batch 353544b9-5b44-483b-9786-846cbbc441ab
[DB] Batch found: 353544b9-5b44-483b-9786-846cbbc441ab status=IN_PROGRESS completed=148 failed=0
[DB] Looking up batch 353544b9-5b44-483b-9786-846cbbc441ab
[DB] Batch found: 353544b9-5b44-483b-9786-846cbbc441ab status=IN_PROGRESS completed=150 failed=0
[DB] Looking up batch 353544b9-5b44-483b-9786-846cbbc441ab
[DB] Looking up batch 353544b9-5b44-483b-9786-846cbbc441ab
[DB] Batch found: 353544b9-5b44-483b-9786-846cbbc441ab status=IN_PROGRESS completed=150 failed=0
[DB] Batch found: 353544b9-5b44-483b-9786-846cbbc441ab status=IN_PROGRESS completed=150 failed=0
[DB] Looking up batch 353544b9-5b44-483b-9786-846cbbc441ab
[DB] Batch found: 353544b9-5b44-483b-9786-846cbbc441ab status=IN_PROGRESS completed=151 failed=0
[DB] Looking up batch 353544b9-5b44-483b-9786-846cbbc441ab
[DB] Batch found: 353544b9-5b44-483b-9786-846cbbc441ab status=IN_PROGRESS completed=153 failed=0
[DB] Looking up batch 353544b9-5b44-483b-9786-846cbbc441ab
[DB] Looking up batch 353544b9-5b44-483b-9786-846cbbc441ab
[DB] Batch found: 353544b9-5b44-483b-9786-846cbbc441ab status=IN_PROGRESS completed=155 failed=0
[DB] Looking up batch 353544b9-5b44-483b-9786-846cbbc441ab
[DB] Batch found: 353544b9-5b44-483b-9786-846cbbc441ab status=IN_PROGRESS completed=155 failed=0
[DB] Looking up batch 353544b9-5b44-483b-9786-846cbbc441ab
[DB] Batch found: 353544b9-5b44-483b-9786-846cbbc441ab status=IN_PROGRESS completed=155 failed=0
[DB] Batch found: 353544b9-5b44-483b-9786-846cbbc441ab status=IN_PROGRESS completed=155 failed=0
[DB] Looking up batch 353544b9-5b44-483b-9786-846cbbc441ab
[DB] Batch found: 353544b9-5b44-483b-9786-846cbbc441ab status=IN_PROGRESS completed=157 failed=0
[DB] Looking up batch 353544b9-5b44-483b-9786-846cbbc441ab
[DB] Looking up batch 353544b9-5b44-483b-9786-846cbbc441ab
[DB] Looking up batch 353544b9-5b44-483b-9786-846cbbc441ab
[DB] Batch found: 353544b9-5b44-483b-9786-846cbbc441ab status=IN_PROGRESS completed=159 failed=0
[DB] Batch found: 353544b9-5b44-483b-9786-846cbbc441ab status=IN_PROGRESS completed=159 failed=0
[DB] Batch found: 353544b9-5b44-483b-9786-846cbbc441ab status=IN_PROGRESS completed=159 failed=0
[DB] Looking up batch 353544b9-5b44-483b-9786-846cbbc441ab
[DB] Batch found: 353544b9-5b44-483b-9786-846cbbc441ab status=IN_PROGRESS completed=160 failed=0
[DB] Looking up batch 353544b9-5b44-483b-9786-846cbbc441ab
[DB] Looking up batch 353544b9-5b44-483b-9786-846cbbc441ab
[DB] Looking up batch 353544b9-5b44-483b-9786-846cbbc441ab
[DB] Batch found: 353544b9-5b44-483b-9786-846cbbc441ab status=IN_PROGRESS completed=163 failed=0
[DB] Batch found: 353544b9-5b44-483b-9786-846cbbc441ab status=IN_PROGRESS completed=163 failed=0
[DB] Batch found: 353544b9-5b44-483b-9786-846cbbc441ab status=IN_PROGRESS completed=163 failed=0
[DB] Looking up batch 353544b9-5b44-483b-9786-846cbbc441ab
[DB] Batch found: 353544b9-5b44-483b-9786-846cbbc441ab status=IN_PROGRESS completed=164 failed=0
[DB] Looking up batch 353544b9-5b44-483b-9786-846cbbc441ab
[DB] Looking up batch 353544b9-5b44-483b-9786-846cbbc441ab
[DB] Looking up batch 353544b9-5b44-483b-9786-846cbbc441ab
[DB] Batch found: 353544b9-5b44-483b-9786-846cbbc441ab status=IN_PROGRESS completed=168 failed=0
[DB] Batch found: 353544b9-5b44-483b-9786-846cbbc441ab status=IN_PROGRESS completed=168 failed=0
[DB] Looking up batch 353544b9-5b44-483b-9786-846cbbc441ab
[DB] Batch found: 353544b9-5b44-483b-9786-846cbbc441ab status=IN_PROGRESS completed=168 failed=0
[DB] Batch found: 353544b9-5b44-483b-9786-846cbbc441ab status=IN_PROGRESS completed=168 failed=0
[DB] Looking up batch 353544b9-5b44-483b-9786-846cbbc441ab
[DB] Batch found: 353544b9-5b44-483b-9786-846cbbc441ab status=IN_PROGRESS completed=171 failed=0
[DB] Looking up batch 353544b9-5b44-483b-9786-846cbbc441ab
[DB] Looking up batch 353544b9-5b44-483b-9786-846cbbc441ab
[DB] Looking up batch 353544b9-5b44-483b-9786-846cbbc441ab
[DB] Batch found: 353544b9-5b44-483b-9786-846cbbc441ab status=IN_PROGRESS completed=172 failed=0
[DB] Batch found: 353544b9-5b44-483b-9786-846cbbc441ab status=IN_PROGRESS completed=172 failed=0
[DB] Batch found: 353544b9-5b44-483b-9786-846cbbc441ab status=IN_PROGRESS completed=172 failed=0
[DB] Looking up batch 353544b9-5b44-483b-9786-846cbbc441ab
[DB] Batch found: 353544b9-5b44-483b-9786-846cbbc441ab status=IN_PROGRESS completed=173 failed=0
[DB] Looking up batch 353544b9-5b44-483b-9786-846cbbc441ab
[DB] Looking up batch 353544b9-5b44-483b-9786-846cbbc441ab
[DB] Looking up batch 353544b9-5b44-483b-9786-846cbbc441ab
[DB] Batch found: 353544b9-5b44-483b-9786-846cbbc441ab status=IN_PROGRESS completed=176 failed=0
[DB] Batch found: 353544b9-5b44-483b-9786-846cbbc441ab status=IN_PROGRESS completed=176 failed=0
[DB] Batch found: 353544b9-5b44-483b-9786-846cbbc441ab status=IN_PROGRESS completed=176 failed=0
[DB] Looking up batch 353544b9-5b44-483b-9786-846cbbc441ab
[DB] Batch found: 353544b9-5b44-483b-9786-846cbbc441ab status=IN_PROGRESS completed=177 failed=0
[DB] Looking up batch 353544b9-5b44-483b-9786-846cbbc441ab
[DB] Looking up batch 353544b9-5b44-483b-9786-846cbbc441ab
[DB] Looking up batch 353544b9-5b44-483b-9786-846cbbc441ab
[DB] Batch found: 353544b9-5b44-483b-9786-846cbbc441ab status=IN_PROGRESS completed=180 failed=0
[DB] Batch found: 353544b9-5b44-483b-9786-846cbbc441ab status=IN_PROGRESS completed=180 failed=0
[DB] Batch found: 353544b9-5b44-483b-9786-846cbbc441ab status=IN_PROGRESS completed=181 failed=0
[DB] Looking up batch 353544b9-5b44-483b-9786-846cbbc441ab
[DB] Batch found: 353544b9-5b44-483b-9786-846cbbc441ab status=IN_PROGRESS completed=181 failed=0
[DB] Looking up batch 353544b9-5b44-483b-9786-846cbbc441ab
[DB] Looking up batch 353544b9-5b44-483b-9786-846cbbc441ab
[DB] Looking up batch 353544b9-5b44-483b-9786-846cbbc441ab
[DB] Looking up batch 353544b9-5b44-483b-9786-846cbbc441ab
[DB] Batch found: 353544b9-5b44-483b-9786-846cbbc441ab status=IN_PROGRESS completed=185 failed=0
[DB] Batch found: 353544b9-5b44-483b-9786-846cbbc441ab status=IN_PROGRESS completed=185 failed=0
[DB] Batch found: 353544b9-5b44-483b-9786-846cbbc441ab status=IN_PROGRESS completed=185 failed=0
[DB] Batch found: 353544b9-5b44-483b-9786-846cbbc441ab status=IN_PROGRESS completed=185 failed=0
[DB] Looking up batch 353544b9-5b44-483b-9786-846cbbc441ab
[DB] Looking up batch 353544b9-5b44-483b-9786-846cbbc441ab
[DB] Looking up batch 353544b9-5b44-483b-9786-846cbbc441ab
[DB] Looking up batch 353544b9-5b44-483b-9786-846cbbc441ab
[DB] Batch found: 353544b9-5b44-483b-9786-846cbbc441ab status=IN_PROGRESS completed=189 failed=0
[DB] Batch found: 353544b9-5b44-483b-9786-846cbbc441ab status=IN_PROGRESS completed=189 failed=0
[DB] Batch found: 353544b9-5b44-483b-9786-846cbbc441ab status=IN_PROGRESS completed=189 failed=0
[DB] Batch found: 353544b9-5b44-483b-9786-846cbbc441ab status=IN_PROGRESS completed=189 failed=0
[DB] Looking up batch 353544b9-5b44-483b-9786-846cbbc441ab
[DB] Looking up batch 353544b9-5b44-483b-9786-846cbbc441ab
[DB] Looking up batch 353544b9-5b44-483b-9786-846cbbc441ab
[DB] Looking up batch 353544b9-5b44-483b-9786-846cbbc441ab
[DB] Batch found: 353544b9-5b44-483b-9786-846cbbc441ab status=IN_PROGRESS completed=193 failed=0
[DB] Batch found: 353544b9-5b44-483b-9786-846cbbc441ab status=IN_PROGRESS completed=193 failed=0
[DB] Batch found: 353544b9-5b44-483b-9786-846cbbc441ab status=IN_PROGRESS completed=193 failed=0
[DB] Batch found: 353544b9-5b44-483b-9786-846cbbc441ab status=IN_PROGRESS completed=193 failed=0
[DB] Looking up batch 353544b9-5b44-483b-9786-846cbbc441ab
[DB] Looking up batch 353544b9-5b44-483b-9786-846cbbc441ab
[DB] Looking up batch 353544b9-5b44-483b-9786-846cbbc441ab
[DB] Batch found: 353544b9-5b44-483b-9786-846cbbc441ab status=IN_PROGRESS completed=197 failed=0
[DB] Looking up batch 353544b9-5b44-483b-9786-846cbbc441ab
[DB] Batch found: 353544b9-5b44-483b-9786-846cbbc441ab status=IN_PROGRESS completed=197 failed=0
[DB] Batch found: 353544b9-5b44-483b-9786-846cbbc441ab status=IN_PROGRESS completed=197 failed=0
[DB] Batch found: 353544b9-5b44-483b-9786-846cbbc441ab status=IN_PROGRESS completed=197 failed=0
[DB] Looking up batch 353544b9-5b44-483b-9786-846cbbc441ab
[DB] Looking up batch 353544b9-5b44-483b-9786-846cbbc441ab
[DB] Batch found: 353544b9-5b44-483b-9786-846cbbc441ab status=IN_PROGRESS completed=200 failed=0
[DB] Batch found: 353544b9-5b44-483b-9786-846cbbc441ab status=IN_PROGRESS completed=200 failed=0
[DB] Looking up batch 353544b9-5b44-483b-9786-846cbbc441ab
[DB] Batch found: 353544b9-5b44-483b-9786-846cbbc441ab status=IN_PROGRESS completed=200 failed=0
[DB] Looking up batch 353544b9-5b44-483b-9786-846cbbc441ab
[DB] Batch found: 353544b9-5b44-483b-9786-846cbbc441ab status=COMPLETED completed=200 failed=0
[DB] Looking up batch 353544b9-5b44-483b-9786-846cbbc441ab
[DB] Batch found: 353544b9-5b44-483b-9786-846cbbc441ab status=COMPLETED completed=200 failed=0
]]></system-out>
  </testcase>
  <testcase name="resilience4jRetryEventuallyCompletesDespiteRateLimits" classname="com.example.inference.core.QueueBasedBatchProcessorTest" time="0.072">
    <system-out><![CDATA[[DB] Initializing schema
[DB] Creating batch 75654538-e13a-4cf4-9f21-76fe35082e20 with 3 prompts
[DB] Batch inserted: 75654538-e13a-4cf4-9f21-76fe35082e20
[DB] Looking up batch 75654538-e13a-4cf4-9f21-76fe35082e20
[DB] Batch found: 75654538-e13a-4cf4-9f21-76fe35082e20 status=IN_PROGRESS completed=0 failed=0
[DB] Looking up batch 75654538-e13a-4cf4-9f21-76fe35082e20
[DB] Looking up batch 75654538-e13a-4cf4-9f21-76fe35082e20
[DB] Batch found: 75654538-e13a-4cf4-9f21-76fe35082e20 status=IN_PROGRESS completed=2 failed=0
[DB] Batch found: 75654538-e13a-4cf4-9f21-76fe35082e20 status=IN_PROGRESS completed=2 failed=0
[DB] Looking up batch 75654538-e13a-4cf4-9f21-76fe35082e20
[DB] Batch found: 75654538-e13a-4cf4-9f21-76fe35082e20 status=IN_PROGRESS completed=3 failed=0
[DB] Looking up batch 75654538-e13a-4cf4-9f21-76fe35082e20
[DB] Batch found: 75654538-e13a-4cf4-9f21-76fe35082e20 status=COMPLETED completed=3 failed=0
[DB] Looking up batch 75654538-e13a-4cf4-9f21-76fe35082e20
[DB] Batch found: 75654538-e13a-4cf4-9f21-76fe35082e20 status=COMPLETED completed=3 failed=0
]]></system-out>
  </testcase>
  <testcase name="resilience4jRetriesExhaustionMarksPromptFailed" classname="com.example.inference.core.QueueBasedBatchProcessorTest" time="0.127">
    <system-out><![CDATA[[DB] Initializing schema
[DB] Creating batch 026392ba-64c2-4fd5-b215-7449c32d07b4 with 1 prompts
[DB] Batch inserted: 026392ba-64c2-4fd5-b215-7449c32d07b4
[DB] Looking up batch 026392ba-64c2-4fd5-b215-7449c32d07b4
[DB] Batch found: 026392ba-64c2-4fd5-b215-7449c32d07b4 status=IN_PROGRESS completed=0 failed=0
[DB] Looking up batch 026392ba-64c2-4fd5-b215-7449c32d07b4
[DB] Batch found: 026392ba-64c2-4fd5-b215-7449c32d07b4 status=IN_PROGRESS completed=0 failed=0
[DB] Looking up batch 026392ba-64c2-4fd5-b215-7449c32d07b4
[DB] Batch found: 026392ba-64c2-4fd5-b215-7449c32d07b4 status=IN_PROGRESS completed=0 failed=1
[DB] Looking up batch 026392ba-64c2-4fd5-b215-7449c32d07b4
[DB] Batch found: 026392ba-64c2-4fd5-b215-7449c32d07b4 status=FAILED completed=0 failed=1
[DB] Looking up batch 026392ba-64c2-4fd5-b215-7449c32d07b4
[DB] Batch found: 026392ba-64c2-4fd5-b215-7449c32d07b4 status=FAILED completed=0 failed=1
]]></system-out>
  </testcase>
</testsuite>